d:\unal\distribuidos\proyecto\bin\win64\debug\asteroids.lib
d:\unal\distribuidos\proyecto\bin\win64\debug\asteroids.exp
d:\unal\distribuidos\proyecto\asteroids\cuda\asteroids\x64\debug\vc142.pdb
d:\unal\distribuidos\proyecto\asteroids\cuda\asteroids\x64\debug\vc142.idb
d:\unal\distribuidos\proyecto\asteroids\cuda\asteroids\x64\debug\main.obj
d:\unal\distribuidos\proyecto\asteroids\cuda\asteroidsx64\x64\debug\vc142.pdb
d:\unal\distribuidos\proyecto\asteroids\cuda\asteroidsx64\x64\debug\vc142.idb
d:\unal\distribuidos\proyecto\asteroids\cuda\asteroidsx64\x64\debug\devicequery.obj
d:\unal\distribuidos\proyecto\asteroids\cuda\asteroidsx64\x64\debug\main.obj
d:\unal\distribuidos\proyecto\asteroids\cuda\asteroidsx64\x64\debug\operations.cu.obj
d:\unal\distribuidos\proyecto\bin\win64\debug\asteroids.exe
d:\unal\distribuidos\proyecto\asteroids\cuda\asteroidsx64\x64\debug\asteroids.ilk
d:\unal\distribuidos\proyecto\bin\win64\debug\asteroids.pdb
d:\unal\distribuidos\proyecto\asteroids\cuda\asteroidsx64\x64\debug\operations.cu.cache
d:\unal\distribuidos\proyecto\asteroids\cuda\asteroidsx64\x64\debug\asteroids.tlog\asteroids.write.1u.tlog
d:\unal\distribuidos\proyecto\asteroids\cuda\asteroidsx64\x64\debug\asteroids.tlog\cl.command.1.tlog
d:\unal\distribuidos\proyecto\asteroids\cuda\asteroidsx64\x64\debug\asteroids.tlog\cl.read.1.tlog
d:\unal\distribuidos\proyecto\asteroids\cuda\asteroidsx64\x64\debug\asteroids.tlog\cl.write.1.tlog
d:\unal\distribuidos\proyecto\asteroids\cuda\asteroidsx64\x64\debug\asteroids.tlog\cudacompile.read.1u.tlog
d:\unal\distribuidos\proyecto\asteroids\cuda\asteroidsx64\x64\debug\asteroids.tlog\cudacompile.write.1u.tlog
d:\unal\distribuidos\proyecto\asteroids\cuda\asteroidsx64\x64\debug\asteroids.tlog\lib-link.read.1.tlog
d:\unal\distribuidos\proyecto\asteroids\cuda\asteroidsx64\x64\debug\asteroids.tlog\lib-link.write.1.tlog
d:\unal\distribuidos\proyecto\asteroids\cuda\asteroidsx64\x64\debug\asteroids.tlog\lib.command.1.tlog
d:\unal\distribuidos\proyecto\asteroids\cuda\asteroidsx64\x64\debug\asteroids.tlog\link.23884.delete.1.tlog
d:\unal\distribuidos\proyecto\asteroids\cuda\asteroidsx64\x64\debug\asteroids.tlog\link.command.1.tlog
d:\unal\distribuidos\proyecto\asteroids\cuda\asteroidsx64\x64\debug\asteroids.tlog\link.read.1.tlog
d:\unal\distribuidos\proyecto\asteroids\cuda\asteroidsx64\x64\debug\asteroids.tlog\link.write.1.tlog
