  main.cpp
D:\UNAL\Distribuidos\Proyecto\asteroids\CUDA\asteroidsx64\Headers\ship.h(46,30): warning C4244: 'argumento': conversión de 'int' a 'float'; posible pérdida de datos
D:\UNAL\Distribuidos\Proyecto\asteroids\CUDA\asteroidsx64\Headers\ship.h(58,52): warning C4244: 'argumento': conversión de 'int' a 'float'; posible pérdida de datos
D:\UNAL\Distribuidos\Proyecto\asteroids\CUDA\asteroidsx64\Headers\ship.h(70,43): warning C4244: 'argumento': conversión de 'int' a 'float'; posible pérdida de datos
D:\UNAL\Distribuidos\Proyecto\asteroids\CUDA\asteroidsx64\Headers\ship.h(70,32): warning C4244: 'argumento': conversión de 'int' a 'float'; posible pérdida de datos
D:\UNAL\Distribuidos\Proyecto\asteroids\CUDA\asteroidsx64\Headers\ship.h(71,49): warning C4244: 'argumento': conversión de 'int' a 'float'; posible pérdida de datos
D:\UNAL\Distribuidos\Proyecto\asteroids\CUDA\asteroidsx64\Headers\ship.h(71,38): warning C4244: 'argumento': conversión de 'int' a 'float'; posible pérdida de datos
D:\UNAL\Distribuidos\Proyecto\asteroids\CUDA\asteroidsx64\Headers\ship.h(92,37): warning C4244: 'return': conversión de 'T' a 'int'; posible pérdida de datos
          with
          [
              T=float
          ]
D:\UNAL\Distribuidos\Proyecto\asteroids\CUDA\asteroidsx64\Headers\ship.h(97,34): warning C4244: 'return': conversión de 'const T' a 'int'; posible pérdida de datos
          with
          [
              T=float
          ]
D:\UNAL\Distribuidos\Proyecto\asteroids\CUDA\asteroidsx64\Headers\ship.h(102,34): warning C4244: 'return': conversión de 'const T' a 'int'; posible pérdida de datos
          with
          [
              T=float
          ]
D:\UNAL\Distribuidos\Proyecto\asteroids\CUDA\asteroidsx64\Headers\ship.h(107,37): warning C4244: 'return': conversión de 'T' a 'int'; posible pérdida de datos
          with
          [
              T=float
          ]
D:\UNAL\Distribuidos\Proyecto\asteroids\CUDA\asteroidsx64\Headers\bulllet.h(56,39): warning C4244: 'return': conversión de 'T' a 'int'; posible pérdida de datos
          with
          [
              T=float
          ]
D:\UNAL\Distribuidos\Proyecto\asteroids\CUDA\asteroidsx64\Headers\bulllet.h(61,36): warning C4244: 'return': conversión de 'const T' a 'int'; posible pérdida de datos
          with
          [
              T=float
          ]
D:\UNAL\Distribuidos\Proyecto\asteroids\CUDA\asteroidsx64\Headers\bulllet.h(66,36): warning C4244: 'return': conversión de 'const T' a 'int'; posible pérdida de datos
          with
          [
              T=float
          ]
D:\UNAL\Distribuidos\Proyecto\asteroids\CUDA\asteroidsx64\Headers\bulllet.h(71,39): warning C4244: 'return': conversión de 'T' a 'int'; posible pérdida de datos
          with
          [
              T=float
          ]
D:\UNAL\Distribuidos\Proyecto\asteroids\CUDA\asteroidsx64\Headers\asteroid.h(33,64): warning C4244: 'argumento': conversión de 'int' a 'T'; posible pérdida de datos
          with
          [
              T=float
          ]
D:\UNAL\Distribuidos\Proyecto\asteroids\CUDA\asteroidsx64\Headers\asteroid.h(33,49): warning C4244: 'argumento': conversión de 'int' a 'T'; posible pérdida de datos
          with
          [
              T=float
          ]
D:\UNAL\Distribuidos\Proyecto\asteroids\CUDA\asteroidsx64\main.cpp(41,41): warning C4267: 'inicializando': conversión de 'size_t' a 'int'; posible pérdida de datos
D:\UNAL\Distribuidos\Proyecto\asteroids\CUDA\asteroidsx64\main.cpp(223,51): warning C4244: '=': conversión de 'int' a 'float'; posible pérdida de datos
D:\UNAL\Distribuidos\Proyecto\asteroids\CUDA\asteroidsx64\main.cpp(224,52): warning C4244: '=': conversión de 'int' a 'float'; posible pérdida de datos
D:\UNAL\Distribuidos\Proyecto\asteroids\CUDA\asteroidsx64\main.cpp(225,50): warning C4244: '=': conversión de 'int' a 'float'; posible pérdida de datos
D:\UNAL\Distribuidos\Proyecto\asteroids\CUDA\asteroidsx64\main.cpp(226,53): warning C4244: '=': conversión de 'int' a 'float'; posible pérdida de datos
D:\UNAL\Distribuidos\Proyecto\asteroids\CUDA\asteroidsx64\main.cpp(753,24): warning C4244: 'inicializando': conversión de 'sf::Int32' a 'float'; posible pérdida de datos
D:\UNAL\Distribuidos\Proyecto\asteroids\CUDA\asteroidsx64\main.cpp(776,30): warning C4244: 'inicializando': conversión de 'float' a 'int'; posible pérdida de datos
D:\UNAL\Distribuidos\Proyecto\asteroids\CUDA\asteroidsx64\main.cpp(795,25): warning C4244: 'inicializando': conversión de 'float' a 'int'; posible pérdida de datos
D:\UNAL\Distribuidos\Proyecto\asteroids\CUDA\asteroidsx64\main.cpp(813,56): warning C4244: 'argumento': conversión de 'int' a 'T'; posible pérdida de datos
          with
          [
              T=float
          ]
D:\UNAL\Distribuidos\Proyecto\asteroids\CUDA\asteroidsx64\main.cpp(813,53): warning C4244: 'argumento': conversión de 'int' a 'T'; posible pérdida de datos
          with
          [
              T=float
          ]
D:\UNAL\Distribuidos\Proyecto\asteroids\CUDA\asteroidsx64\main.cpp(862,26): warning C4244: 'inicializando': conversión de 'float' a 'int'; posible pérdida de datos
  asteroids.vcxproj -> D:\UNAL\Distribuidos\Proyecto\bin\win64\Debug\asteroids.exe
